2024-08-30 11:08:03 +0000    8517 execution.flow     INFO     Start executing nodes in thread pool mode.
2024-08-30 11:08:03 +0000    8517 execution.flow     INFO     Start to run 11 nodes with concurrency level 16.
2024-08-30 11:08:03 +0000    8517 execution.flow     INFO     Executing node Question. node run id: 489ce7cd-1c7b-4733-8bb0-12207f7bb66a_Question_0
2024-08-30 11:08:03 +0000    8517 execution.flow     INFO     Node Question completes.
2024-08-30 11:08:03 +0000    8517 execution.flow     INFO     Executing node result. node run id: 489ce7cd-1c7b-4733-8bb0-12207f7bb66a_result_0
2024-08-30 11:08:16 +0000    8517 execution.flow     INFO     Node result completes.
2024-08-30 11:08:16 +0000    8517 execution.flow     INFO     Executing node Code. node run id: 489ce7cd-1c7b-4733-8bb0-12207f7bb66a_Code_0
2024-08-30 11:08:16 +0000    8517 execution.flow     INFO     Executing node editorial. node run id: 489ce7cd-1c7b-4733-8bb0-12207f7bb66a_editorial_0
2024-08-30 11:08:16 +0000    8517 execution.flow     INFO     Executing node Testcase. node run id: 489ce7cd-1c7b-4733-8bb0-12207f7bb66a_Testcase_0
2024-08-30 11:08:16 +0000    8517 execution.flow     INFO     Node Code completes.
2024-08-30 11:08:16 +0000    8517 execution.flow     INFO     Executing node code_gen. node run id: 489ce7cd-1c7b-4733-8bb0-12207f7bb66a_code_gen_0
2024-08-30 11:08:16 +0000    8517 execution.flow     INFO     Executing node question_name. node run id: 489ce7cd-1c7b-4733-8bb0-12207f7bb66a_question_name_0
2024-08-30 11:08:16 +0000    8517 execution.flow     INFO     Node editorial completes.
2024-08-30 11:08:16 +0000    8517 execution.flow     INFO     Node Testcase completes.
2024-08-30 11:08:16 +0000    8517 execution.flow     INFO     Node question_name completes.
2024-08-30 11:08:16 +0000    8517 execution.flow     INFO     Executing node editorial_gen. node run id: 489ce7cd-1c7b-4733-8bb0-12207f7bb66a_editorial_gen_0
2024-08-30 11:08:16 +0000    8517 execution.flow     INFO     Executing node Testcase_gen. node run id: 489ce7cd-1c7b-4733-8bb0-12207f7bb66a_Testcase_gen_0
2024-08-30 11:08:16 +0000    8517 execution.flow     INFO     Executing node question_gen. node run id: 489ce7cd-1c7b-4733-8bb0-12207f7bb66a_question_gen_0
2024-08-30 11:08:19 +0000    8517 execution.flow     INFO     Node question_gen completes.
2024-08-30 11:08:28 +0000    8517 execution.flow     INFO     Node Testcase_gen completes.
2024-08-30 11:08:28 +0000    8517 execution.flow     INFO     Node code_gen completes.
2024-08-30 11:08:34 +0000    8517 execution.flow     INFO     Node editorial_gen completes.
2024-08-30 11:08:34 +0000    8517 execution.flow     INFO     Executing node FInal. node run id: 489ce7cd-1c7b-4733-8bb0-12207f7bb66a_FInal_0
2024-08-30 11:08:34 +0000    8517 execution.flow     INFO     Node FInal completes.
