2024-08-30 15:44:24 +0000    4955 execution.flow     INFO     Start executing nodes in thread pool mode.
2024-08-30 15:44:24 +0000    4955 execution.flow     INFO     Start to run 11 nodes with concurrency level 16.
2024-08-30 15:44:24 +0000    4955 execution.flow     INFO     Executing node Question. node run id: 79af5784-2024-4517-bc98-d6f417d59f00_Question_0
2024-08-30 15:44:24 +0000    4955 execution.flow     INFO     Node Question completes.
2024-08-30 15:44:24 +0000    4955 execution.flow     INFO     Executing node result. node run id: 79af5784-2024-4517-bc98-d6f417d59f00_result_0
2024-08-30 15:44:39 +0000    4955 execution.flow     INFO     Node result completes.
2024-08-30 15:44:39 +0000    4955 execution.flow     INFO     Executing node Code. node run id: 79af5784-2024-4517-bc98-d6f417d59f00_Code_0
2024-08-30 15:44:39 +0000    4955 execution.flow     INFO     Executing node editorial. node run id: 79af5784-2024-4517-bc98-d6f417d59f00_editorial_0
2024-08-30 15:44:39 +0000    4955 execution.flow     INFO     Executing node Testcase. node run id: 79af5784-2024-4517-bc98-d6f417d59f00_Testcase_0
2024-08-30 15:44:39 +0000    4955 execution.flow     INFO     Node Code completes.
2024-08-30 15:44:39 +0000    4955 execution.flow     INFO     Node editorial completes.
2024-08-30 15:44:39 +0000    4955 execution.flow     INFO     Executing node question_name. node run id: 79af5784-2024-4517-bc98-d6f417d59f00_question_name_0
2024-08-30 15:44:39 +0000    4955 execution.flow     INFO     Node Testcase completes.
2024-08-30 15:44:39 +0000    4955 execution.flow     INFO     Executing node code_gen. node run id: 79af5784-2024-4517-bc98-d6f417d59f00_code_gen_0
2024-08-30 15:44:39 +0000    4955 execution.flow     INFO     Executing node editorial_gen. node run id: 79af5784-2024-4517-bc98-d6f417d59f00_editorial_gen_0
2024-08-30 15:44:39 +0000    4955 execution.flow     INFO     Node question_name completes.
2024-08-30 15:44:39 +0000    4955 execution.flow     INFO     Executing node Testcase_gen. node run id: 79af5784-2024-4517-bc98-d6f417d59f00_Testcase_gen_0
2024-08-30 15:44:39 +0000    4955 execution.flow     INFO     Executing node question_gen. node run id: 79af5784-2024-4517-bc98-d6f417d59f00_question_gen_0
2024-08-30 15:44:41 +0000    4955 execution.flow     INFO     Node question_gen completes.
2024-08-30 15:44:52 +0000    4955 execution.flow     INFO     Node Testcase_gen completes.
2024-08-30 15:44:55 +0000    4955 execution.flow     INFO     Node code_gen completes.
2024-08-30 15:44:57 +0000    4955 execution.flow     INFO     Node editorial_gen completes.
2024-08-30 15:44:57 +0000    4955 execution.flow     INFO     Executing node FInal. node run id: 79af5784-2024-4517-bc98-d6f417d59f00_FInal_0
2024-08-30 15:44:57 +0000    4955 execution.flow     INFO     Node FInal completes.
