2024-09-15 11:19:47 +0000   22513 execution.flow     INFO     Start executing nodes in thread pool mode.
2024-09-15 11:19:47 +0000   22513 execution.flow     INFO     Start to run 11 nodes with concurrency level 16.
2024-09-15 11:19:47 +0000   22513 execution.flow     INFO     Current thread is not main thread, skip signal handler registration in AsyncNodesScheduler.
2024-09-15 11:19:47 +0000   22513 execution.flow     INFO     Executing node Question. node run id: 4512b165-b7d3-4234-8db1-c382996b4d53_Question_0
2024-09-15 11:19:47 +0000   22513 execution.flow     INFO     Node Question completes.
2024-09-15 11:19:47 +0000   22513 execution.flow     INFO     Executing node result. node run id: 4512b165-b7d3-4234-8db1-c382996b4d53_result_0
2024-09-15 11:19:59 +0000   22513 execution.flow     INFO     Node result completes.
2024-09-15 11:19:59 +0000   22513 execution.flow     INFO     Executing node Code. node run id: 4512b165-b7d3-4234-8db1-c382996b4d53_Code_0
2024-09-15 11:19:59 +0000   22513 execution.flow     INFO     Executing node editorial. node run id: 4512b165-b7d3-4234-8db1-c382996b4d53_editorial_0
2024-09-15 11:19:59 +0000   22513 execution.flow     INFO     Node Code completes.
2024-09-15 11:19:59 +0000   22513 execution.flow     INFO     Executing node Testcase. node run id: 4512b165-b7d3-4234-8db1-c382996b4d53_Testcase_0
2024-09-15 11:19:59 +0000   22513 execution.flow     INFO     Node editorial completes.
2024-09-15 11:19:59 +0000   22513 execution.flow     INFO     Executing node question_name. node run id: 4512b165-b7d3-4234-8db1-c382996b4d53_question_name_0
2024-09-15 11:19:59 +0000   22513 execution.flow     INFO     Executing node code_gen. node run id: 4512b165-b7d3-4234-8db1-c382996b4d53_code_gen_0
2024-09-15 11:19:59 +0000   22513 execution.flow     INFO     Node Testcase completes.
2024-09-15 11:19:59 +0000   22513 execution.flow     INFO     Executing node editorial_gen. node run id: 4512b165-b7d3-4234-8db1-c382996b4d53_editorial_gen_0
2024-09-15 11:19:59 +0000   22513 execution.flow     INFO     Node question_name completes.
2024-09-15 11:19:59 +0000   22513 execution.flow     INFO     Executing node Testcase_gen. node run id: 4512b165-b7d3-4234-8db1-c382996b4d53_Testcase_gen_0
2024-09-15 11:19:59 +0000   22513 execution.flow     INFO     Executing node question_gen. node run id: 4512b165-b7d3-4234-8db1-c382996b4d53_question_gen_0
2024-09-15 11:20:02 +0000   22513 execution.flow     INFO     Node question_gen completes.
2024-09-15 11:20:07 +0000   22513 execution.flow     INFO     Node code_gen completes.
2024-09-15 11:20:09 +0000   22513 execution.flow     INFO     Node editorial_gen completes.
2024-09-15 11:20:10 +0000   22513 execution.flow     INFO     Node Testcase_gen completes.
2024-09-15 11:20:10 +0000   22513 execution.flow     INFO     Executing node FInal. node run id: 4512b165-b7d3-4234-8db1-c382996b4d53_FInal_0
2024-09-15 11:20:10 +0000   22513 execution.flow     INFO     Node FInal completes.
